<?xml version="1.0" encoding="UTF-8"?>
<testsuite xmlns:xsi="http://www.w3.org/2001/XMLSchema-instance" xsi:noNamespaceSchemaLocation="https://maven.apache.org/surefire/maven-surefire-plugin/xsd/surefire-test-report.xsd" name="TestSuite" time="348.73" tests="15" errors="0" skipped="0" failures="3">
  <properties>
[...]
</properties>
  <testcase name="t01_analyzeProjects" classname="tests.AnalyticsTest" time="20.744">
    <failure message="expected [14] but found [15]" type="java.lang.AssertionError">java.lang.AssertionError: expected [14] but found [15]
	at tests.AnalyticsTest.t01_analyzeProjects(AnalyticsTest.java:30)
</failure>
    <system-err><![CDATA[SLF4J: Failed to load class "org.slf4j.impl.StaticLoggerBinder".
SLF4J: Defaulting to no-operation (NOP) logger implementation
SLF4J: See http://www.slf4j.org/codes.html#StaticLoggerBinder for further details.
Jan 28, 2020 11:05:19 PM java.util.prefs.WindowsPreferences <init>
WARNING: Could not open/create prefs root node Software\JavaSoft\Prefs at root 0x80000002. Windows RegCreateKeyEx(...) returned error code 5.
Starting ChromeDriver 79.0.3945.36 (3582db32b33893869b8c1339e8f4d9ed1816f143-refs/branch-heads/3945@{#614}) on port 16003
Only local connections are allowed.
Please protect ports used by ChromeDriver and related test frameworks to prevent access by malicious code.
Jan 28, 2020 11:05:22 PM org.openqa.selenium.remote.ProtocolHandshake createSession
INFO: Detected dialect: W3C
]]></system-err>
  </testcase>
  <testcase name="t02_analyzePublished" classname="tests.AnalyticsTest" time="0.021">
    <failure message="no such element: Unable to locate element: {&quot;method&quot;:&quot;css selector&quot;,&quot;selector&quot;:&quot;.login&quot;}&#10;  (Session info: chrome=79.0.3945.130)&#10;For documentation on this error, please visit: https://www.seleniumhq.org/exceptions/no_such_element.html&#10;Build info: version: &apos;3.141.59&apos;, revision: &apos;e82be7d358&apos;, time: &apos;2018-11-14T08:17:03&apos;&#10;System info: host: &apos;MAYA10&apos;, ip: &apos;10.1.1.182&apos;, os.name: &apos;Windows 10&apos;, os.arch: &apos;amd64&apos;, os.version: &apos;10.0&apos;, java.version: &apos;1.8.0_201&apos;&#10;Driver info: org.openqa.selenium.chrome.ChromeDriver&#10;Capabilities {acceptInsecureCerts: false, browserName: chrome, browserVersion: 79.0.3945.130, chrome: {chromedriverVersion: 79.0.3945.36 (3582db32b3389..., userDataDir: C:\Users\MAYA~1.TZU\AppData...}, goog:chromeOptions: {debuggerAddress: localhost:52947}, javascriptEnabled: true, networkConnectionEnabled: false, pageLoadStrategy: normal, platform: WINDOWS, platformName: WINDOWS, proxy: Proxy(), setWindowRect: true, strictFileInteractability: false, timeouts: {implicit: 0, pageLoad: 300000, script: 30000}, unhandledPromptBehavior: dismiss and notify}&#10;Session ID: 8e53a695983b2753bf0cb3f6bd59375b&#10;*** Element info: {Using=css selector, value=.login}" type="org.openqa.selenium.NoSuchElementException">org.openqa.selenium.NoSuchElementException: 
no such element: Unable to locate element: {"method":"css selector","selector":".login"}
  (Session info: chrome=79.0.3945.130)
For documentation on this error, please visit: https://www.seleniumhq.org/exceptions/no_such_element.html
Build info: version: '3.141.59', revision: 'e82be7d358', time: '2018-11-14T08:17:03'
System info: host: 'MAYA10', ip: '10.1.1.182', os.name: 'Windows 10', os.arch: 'amd64', os.version: '10.0', java.version: '1.8.0_201'
Driver info: org.openqa.selenium.chrome.ChromeDriver
Capabilities {acceptInsecureCerts: false, browserName: chrome, browserVersion: 79.0.3945.130, chrome: {chromedriverVersion: 79.0.3945.36 (3582db32b3389..., userDataDir: C:\Users\MAYA~1.TZU\AppData...}, goog:chromeOptions: {debuggerAddress: localhost:52947}, javascriptEnabled: true, networkConnectionEnabled: false, pageLoadStrategy: normal, platform: WINDOWS, platformName: WINDOWS, proxy: Proxy(), setWindowRect: true, strictFileInteractability: false, timeouts: {implicit: 0, pageLoad: 300000, script: 30000}, unhandledPromptBehavior: dismiss and notify}
Session ID: 8e53a695983b2753bf0cb3f6bd59375b
*** Element info: {Using=css selector, value=.login}
	at tests.AnalyticsTest.t02_analyzePublished(AnalyticsTest.java:37)
</failure>
  </testcase>
  <testcase name="changePassword" classname="tests.ChangePasswordTest" time="25.461"/>
  <testcase name="createNewProject" classname="tests.CreateProjectTest" time="32.178"/>
  <testcase name="createNewWorkspace" classname="tests.CreateWorkspaceTest" time="36.736"/>
  <testcase name="deleteProjectTest" classname="tests.DeleteProjectTest" time="59.223"/>
  <testcase name="getStartedforFree" classname="tests.HomePageTest" time="6.671"/>
  <testcase name="Login01_loginInvalid" classname="tests.LoginTest" time="7.527"/>
  <testcase name="Login02_loginCreateAccount" classname="tests.LoginTest" time="1.808"/>
  <testcase name="Login03_loginSucceed" classname="tests.LoginTest" time="8.539"/>
  <testcase name="editOrganization" classname="tests.OrganizationTest" time="35.296"/>
  <testcase name="openLogin" classname="tests.RegistrationTest" time="2.276"/>
  <testcase name="resetPassword" classname="tests.ResetPasswordTests" time="8.673"/>
  <testcase name="searchProject" classname="tests.SearchProjectTest" time="17.542">
    <failure message="expected [First (copy)] but found [First]" type="java.lang.AssertionError">java.lang.AssertionError: expected [First (copy)] but found [First]
	at tests.SearchProjectTest.searchProject(SearchProjectTest.java:28)
</failure>
    <system-err><![CDATA[Starting ChromeDriver 79.0.3945.36 (3582db32b33893869b8c1339e8f4d9ed1816f143-refs/branch-heads/3945@{#614}) on port 15963
Only local connections are allowed.
Please protect ports used by ChromeDriver and related test frameworks to prevent access by malicious code.
Jan 28, 2020 11:10:27 PM org.openqa.selenium.remote.ProtocolHandshake createSession
INFO: Detected dialect: W3C
]]></system-err>
  </testcase>
  <testcase name="upgradeYourAccount" classname="tests.UpgradeAccountTest" time="10.404"/>
</testsuite>