<?xml version="1.0" encoding="UTF-8"?>
<testng-results skipped="0" failed="3" ignored="0" total="15" passed="12">
  <reporter-output>
  </reporter-output>
  <suite name="Suite" duration-ms="347272" started-at="2020-01-28T21:05:19Z" finished-at="2020-01-28T21:11:06Z">
    <groups>
    </groups>
    <test name="Test" duration-ms="347272" started-at="2020-01-28T21:05:19Z" finished-at="2020-01-28T21:11:06Z">
      <class name="tests.LoginTest">
        <test-method status="PASS" signature="setup(org.testng.ITestContext)[pri:0, instance:tests.LoginTest@64beebb7]" name="setup" is-config="true" duration-ms="4909" started-at="2020-01-28T21:08:58Z" finished-at="2020-01-28T21:09:03Z">
          <params>
            <param index="0">
              <value>
                <![CDATA[org.testng.TestRunner@37e64e37]]>
              </value>
            </param>
          </params>
          <reporter-output>
          </reporter-output>
        </test-method> <!-- setup -->
        <test-method status="PASS" signature="Login01_loginInvalid()[pri:0, instance:tests.LoginTest@64beebb7]" name="Login01_loginInvalid" duration-ms="7526" started-at="2020-01-28T21:09:03Z" description="Invalid login" finished-at="2020-01-28T21:09:10Z">
          <reporter-output>
          </reporter-output>
        </test-method> <!-- Login01_loginInvalid -->
        <test-method status="PASS" signature="Login02_loginCreateAccount()[pri:0, instance:tests.LoginTest@64beebb7]" name="Login02_loginCreateAccount" duration-ms="1807" started-at="2020-01-28T21:09:10Z" finished-at="2020-01-28T21:09:12Z">
          <reporter-output>
          </reporter-output>
        </test-method> <!-- Login02_loginCreateAccount -->
        <test-method status="PASS" signature="Login03_loginSucceed()[pri:0, instance:tests.LoginTest@64beebb7]" name="Login03_loginSucceed" duration-ms="8540" started-at="2020-01-28T21:09:12Z" description="Login succeeded" finished-at="2020-01-28T21:09:21Z">
          <reporter-output>
          </reporter-output>
        </test-method> <!-- Login03_loginSucceed -->
        <test-method status="PASS" signature="closeDriver()[pri:0, instance:tests.LoginTest@64beebb7]" name="closeDriver" is-config="true" duration-ms="622" started-at="2020-01-28T21:09:21Z" finished-at="2020-01-28T21:09:21Z">
          <reporter-output>
          </reporter-output>
        </test-method> <!-- closeDriver -->
      </class> <!-- tests.LoginTest -->
      <class name="tests.ChangePasswordTest">
        <test-method status="PASS" signature="setup(org.testng.ITestContext)[pri:0, instance:tests.ChangePasswordTest@3185fa6b]" name="setup" is-config="true" duration-ms="5499" started-at="2020-01-28T21:05:48Z" finished-at="2020-01-28T21:05:54Z">
          <params>
            <param index="0">
              <value>
                <![CDATA[org.testng.TestRunner@37e64e37]]>
              </value>
            </param>
          </params>
          <reporter-output>
          </reporter-output>
        </test-method> <!-- setup -->
        <test-method status="PASS" signature="changePassword()[pri:0, instance:tests.ChangePasswordTest@3185fa6b]" name="changePassword" duration-ms="25460" started-at="2020-01-28T21:05:54Z" description="Succeed," finished-at="2020-01-28T21:06:19Z">
          <reporter-output>
          </reporter-output>
        </test-method> <!-- changePassword -->
        <test-method status="PASS" signature="closeDriver()[pri:0, instance:tests.ChangePasswordTest@3185fa6b]" name="closeDriver" is-config="true" duration-ms="620" started-at="2020-01-28T21:06:19Z" finished-at="2020-01-28T21:06:20Z">
          <reporter-output>
          </reporter-output>
        </test-method> <!-- closeDriver -->
      </class> <!-- tests.ChangePasswordTest -->
      <class name="tests.CreateWorkspaceTest">
        <test-method status="PASS" signature="setup(org.testng.ITestContext)[pri:0, instance:tests.CreateWorkspaceTest@5b58ed3c]" name="setup" is-config="true" duration-ms="5140" started-at="2020-01-28T21:06:58Z" finished-at="2020-01-28T21:07:03Z">
          <params>
            <param index="0">
              <value>
                <![CDATA[org.testng.TestRunner@37e64e37]]>
              </value>
            </param>
          </params>
          <reporter-output>
          </reporter-output>
        </test-method> <!-- setup -->
        <test-method status="PASS" signature="createNewWorkspace()[pri:0, instance:tests.CreateWorkspaceTest@5b58ed3c]" name="createNewWorkspace" duration-ms="36737" started-at="2020-01-28T21:07:03Z" description="Succeeded creating a new workspace" finished-at="2020-01-28T21:07:40Z">
          <reporter-output>
          </reporter-output>
        </test-method> <!-- createNewWorkspace -->
        <test-method status="PASS" signature="closeDriver()[pri:0, instance:tests.CreateWorkspaceTest@5b58ed3c]" name="closeDriver" is-config="true" duration-ms="633" started-at="2020-01-28T21:07:40Z" finished-at="2020-01-28T21:07:40Z">
          <reporter-output>
          </reporter-output>
        </test-method> <!-- closeDriver -->
      </class> <!-- tests.CreateWorkspaceTest -->
      <class name="tests.ResetPasswordTests">
        <test-method status="PASS" signature="setup(org.testng.ITestContext)[pri:0, instance:tests.ResetPasswordTests@21005f6c]" name="setup" is-config="true" duration-ms="5090" started-at="2020-01-28T21:10:11Z" finished-at="2020-01-28T21:10:16Z">
          <params>
            <param index="0">
              <value>
                <![CDATA[org.testng.TestRunner@37e64e37]]>
              </value>
            </param>
          </params>
          <reporter-output>
          </reporter-output>
        </test-method> <!-- setup -->
        <test-method status="PASS" signature="resetPassword()[pri:0, instance:tests.ResetPasswordTests@21005f6c]" name="resetPassword" duration-ms="8673" started-at="2020-01-28T21:10:16Z" finished-at="2020-01-28T21:10:25Z">
          <reporter-output>
          </reporter-output>
        </test-method> <!-- resetPassword -->
        <test-method status="PASS" signature="closeDriver()[pri:0, instance:tests.ResetPasswordTests@21005f6c]" name="closeDriver" is-config="true" duration-ms="627" started-at="2020-01-28T21:10:25Z" finished-at="2020-01-28T21:10:25Z">
          <reporter-output>
          </reporter-output>
        </test-method> <!-- closeDriver -->
      </class> <!-- tests.ResetPasswordTests -->
      <class name="tests.HomePageTest">
        <test-method status="PASS" signature="setup(org.testng.ITestContext)[pri:0, instance:tests.HomePageTest@3a320ade]" name="setup" is-config="true" duration-ms="5221" started-at="2020-01-28T21:08:45Z" finished-at="2020-01-28T21:08:51Z">
          <params>
            <param index="0">
              <value>
                <![CDATA[org.testng.TestRunner@37e64e37]]>
              </value>
            </param>
          </params>
          <reporter-output>
          </reporter-output>
        </test-method> <!-- setup -->
        <test-method status="PASS" signature="getStartedforFree()[pri:0, instance:tests.HomePageTest@3a320ade]" name="getStartedforFree" duration-ms="6671" started-at="2020-01-28T21:08:51Z" finished-at="2020-01-28T21:08:57Z">
          <reporter-output>
          </reporter-output>
        </test-method> <!-- getStartedforFree -->
        <test-method status="PASS" signature="closeDriver()[pri:0, instance:tests.HomePageTest@3a320ade]" name="closeDriver" is-config="true" duration-ms="641" started-at="2020-01-28T21:08:57Z" finished-at="2020-01-28T21:08:58Z">
          <reporter-output>
          </reporter-output>
        </test-method> <!-- closeDriver -->
      </class> <!-- tests.HomePageTest -->
      <class name="tests.AnalyticsTest">
        <test-method status="PASS" signature="setup(org.testng.ITestContext)[pri:0, instance:tests.AnalyticsTest@7651218e]" name="setup" is-config="true" duration-ms="7353" started-at="2020-01-28T21:05:19Z" finished-at="2020-01-28T21:05:26Z">
          <params>
            <param index="0">
              <value>
                <![CDATA[org.testng.TestRunner@37e64e37]]>
              </value>
            </param>
          </params>
          <reporter-output>
          </reporter-output>
        </test-method> <!-- setup -->
        <test-method status="FAIL" signature="t01_analyzeProjects()[pri:0, instance:tests.AnalyticsTest@7651218e]" name="t01_analyzeProjects" duration-ms="20735" started-at="2020-01-28T21:05:26Z" finished-at="2020-01-28T21:05:47Z">
          <exception class="java.lang.AssertionError">
            <message>
              <![CDATA[expected [14] but found [15]]]>
            </message>
            <full-stacktrace>
              <![CDATA[java.lang.AssertionError: expected [14] but found [15]
at org.testng.Assert.fail(Assert.java:96)
at org.testng.Assert.failNotEquals(Assert.java:776)
at org.testng.Assert.assertEqualsImpl(Assert.java:137)
at org.testng.Assert.assertEquals(Assert.java:118)
at org.testng.Assert.assertEquals(Assert.java:652)
at org.testng.Assert.assertEquals(Assert.java:662)
at tests.AnalyticsTest.t01_analyzeProjects(AnalyticsTest.java:30)
at sun.reflect.NativeMethodAccessorImpl.invoke0(Native Method)
at sun.reflect.NativeMethodAccessorImpl.invoke(NativeMethodAccessorImpl.java:62)
at sun.reflect.DelegatingMethodAccessorImpl.invoke(DelegatingMethodAccessorImpl.java:43)
at java.lang.reflect.Method.invoke(Method.java:498)
at org.testng.internal.MethodInvocationHelper.invokeMethod(MethodInvocationHelper.java:124)
at org.testng.internal.Invoker.invokeMethod(Invoker.java:583)
at org.testng.internal.Invoker.invokeTestMethod(Invoker.java:719)
at org.testng.internal.Invoker.invokeTestMethods(Invoker.java:989)
at org.testng.internal.TestMethodWorker.invokeTestMethods(TestMethodWorker.java:125)
at org.testng.internal.TestMethodWorker.run(TestMethodWorker.java:109)
at org.testng.TestRunner.privateRun(TestRunner.java:648)
at org.testng.TestRunner.run(TestRunner.java:505)
at org.testng.SuiteRunner.runTest(SuiteRunner.java:455)
at org.testng.SuiteRunner.runSequentially(SuiteRunner.java:450)
at org.testng.SuiteRunner.privateRun(SuiteRunner.java:415)
at org.testng.SuiteRunner.run(SuiteRunner.java:364)
at org.testng.SuiteRunnerWorker.runSuite(SuiteRunnerWorker.java:52)
at org.testng.SuiteRunnerWorker.run(SuiteRunnerWorker.java:84)
at org.testng.TestNG.runSuitesSequentially(TestNG.java:1208)
at org.testng.TestNG.runSuitesLocally(TestNG.java:1137)
at org.testng.TestNG.runSuites(TestNG.java:1049)
at org.testng.TestNG.run(TestNG.java:1017)
at org.apache.maven.surefire.testng.TestNGExecutor.run(TestNGExecutor.java:283)
at org.apache.maven.surefire.testng.TestNGXmlTestSuite.execute(TestNGXmlTestSuite.java:75)
at org.apache.maven.surefire.testng.TestNGProvider.invoke(TestNGProvider.java:120)
at org.apache.maven.surefire.booter.ForkedBooter.invokeProviderInSameClassLoader(ForkedBooter.java:384)
at org.apache.maven.surefire.booter.ForkedBooter.runSuitesInProcess(ForkedBooter.java:345)
at org.apache.maven.surefire.booter.ForkedBooter.execute(ForkedBooter.java:126)
at org.apache.maven.surefire.booter.ForkedBooter.main(ForkedBooter.java:418)
]]>
            </full-stacktrace>
          </exception> <!-- java.lang.AssertionError -->
          <reporter-output>
          </reporter-output>
        </test-method> <!-- t01_analyzeProjects -->
        <test-method status="FAIL" signature="t02_analyzePublished()[pri:0, instance:tests.AnalyticsTest@7651218e]" name="t02_analyzePublished" duration-ms="20" started-at="2020-01-28T21:05:47Z" finished-at="2020-01-28T21:05:47Z">
          <exception class="org.openqa.selenium.NoSuchElementException">
            <message>
              <![CDATA[no such element: Unable to locate element: {"method":"css selector","selector":".login"}
  (Session info: chrome=79.0.3945.130)
For documentation on this error, please visit: https://www.seleniumhq.org/exceptions/no_such_element.html
Build info: version: '3.141.59', revision: 'e82be7d358', time: '2018-11-14T08:17:03'
System info: host: 'MAYA10', ip: '10.1.1.182', os.name: 'Windows 10', os.arch: 'amd64', os.version: '10.0', java.version: '1.8.0_201'
Driver info: org.openqa.selenium.chrome.ChromeDriver
Capabilities {acceptInsecureCerts: false, browserName: chrome, browserVersion: 79.0.3945.130, chrome: {chromedriverVersion: 79.0.3945.36 (3582db32b3389..., userDataDir: C:\Users\MAYA~1.TZU\AppData...}, goog:chromeOptions: {debuggerAddress: localhost:52947}, javascriptEnabled: true, networkConnectionEnabled: false, pageLoadStrategy: normal, platform: WINDOWS, platformName: WINDOWS, proxy: Proxy(), setWindowRect: true, strictFileInteractability: false, timeouts: {implicit: 0, pageLoad: 300000, script: 30000}, unhandledPromptBehavior: dismiss and notify}
Session ID: 8e53a695983b2753bf0cb3f6bd59375b
*** Element info: {Using=css selector, value=.login}]]>
            </message>
            <full-stacktrace>
              <![CDATA[org.openqa.selenium.NoSuchElementException: no such element: Unable to locate element: {"method":"css selector","selector":".login"}
  (Session info: chrome=79.0.3945.130)
For documentation on this error, please visit: https://www.seleniumhq.org/exceptions/no_such_element.html
Build info: version: '3.141.59', revision: 'e82be7d358', time: '2018-11-14T08:17:03'
System info: host: 'MAYA10', ip: '10.1.1.182', os.name: 'Windows 10', os.arch: 'amd64', os.version: '10.0', java.version: '1.8.0_201'
Driver info: org.openqa.selenium.chrome.ChromeDriver
Capabilities {acceptInsecureCerts: false, browserName: chrome, browserVersion: 79.0.3945.130, chrome: {chromedriverVersion: 79.0.3945.36 (3582db32b3389..., userDataDir: C:\Users\MAYA~1.TZU\AppData...}, goog:chromeOptions: {debuggerAddress: localhost:52947}, javascriptEnabled: true, networkConnectionEnabled: false, pageLoadStrategy: normal, platform: WINDOWS, platformName: WINDOWS, proxy: Proxy(), setWindowRect: true, strictFileInteractability: false, timeouts: {implicit: 0, pageLoad: 300000, script: 30000}, unhandledPromptBehavior: dismiss and notify}
Session ID: 8e53a695983b2753bf0cb3f6bd59375b
*** Element info: {Using=css selector, value=.login}
at sun.reflect.NativeConstructorAccessorImpl.newInstance0(Native Method)
at sun.reflect.NativeConstructorAccessorImpl.newInstance(NativeConstructorAccessorImpl.java:62)
at sun.reflect.DelegatingConstructorAccessorImpl.newInstance(DelegatingConstructorAccessorImpl.java:45)
at java.lang.reflect.Constructor.newInstance(Constructor.java:423)
at org.openqa.selenium.remote.http.W3CHttpResponseCodec.createException(W3CHttpResponseCodec.java:187)
at org.openqa.selenium.remote.http.W3CHttpResponseCodec.decode(W3CHttpResponseCodec.java:122)
at org.openqa.selenium.remote.http.W3CHttpResponseCodec.decode(W3CHttpResponseCodec.java:49)
at org.openqa.selenium.remote.HttpCommandExecutor.execute(HttpCommandExecutor.java:158)
at org.openqa.selenium.remote.service.DriverCommandExecutor.execute(DriverCommandExecutor.java:83)
at org.openqa.selenium.remote.RemoteWebDriver.execute(RemoteWebDriver.java:552)
at org.openqa.selenium.remote.RemoteWebDriver.findElement(RemoteWebDriver.java:323)
at org.openqa.selenium.remote.RemoteWebDriver.findElementByCssSelector(RemoteWebDriver.java:420)
at org.openqa.selenium.By$ByCssSelector.findElement(By.java:431)
at org.openqa.selenium.remote.RemoteWebDriver.findElement(RemoteWebDriver.java:315)
at org.openqa.selenium.support.pagefactory.DefaultElementLocator.findElement(DefaultElementLocator.java:69)
at org.openqa.selenium.support.pagefactory.internal.LocatingElementHandler.invoke(LocatingElementHandler.java:38)
at com.sun.proxy.$Proxy12.click(Unknown Source)
at pageobject.BasePage.click(BasePage.java:25)
at pageobject.HomePage.click(HomePage.java:9)
at pageobject.HomePage.openLoginPage(HomePage.java:28)
at tests.AnalyticsTest.t02_analyzePublished(AnalyticsTest.java:37)
at sun.reflect.NativeMethodAccessorImpl.invoke0(Native Method)
at sun.reflect.NativeMethodAccessorImpl.invoke(NativeMethodAccessorImpl.java:62)
at sun.reflect.DelegatingMethodAccessorImpl.invoke(DelegatingMethodAccessorImpl.java:43)
at java.lang.reflect.Method.invoke(Method.java:498)
at org.testng.internal.MethodInvocationHelper.invokeMethod(MethodInvocationHelper.java:124)
at org.testng.internal.Invoker.invokeMethod(Invoker.java:583)
at org.testng.internal.Invoker.invokeTestMethod(Invoker.java:719)
at org.testng.internal.Invoker.invokeTestMethods(Invoker.java:989)
at org.testng.internal.TestMethodWorker.invokeTestMethods(TestMethodWorker.java:125)
at org.testng.internal.TestMethodWorker.run(TestMethodWorker.java:109)
at org.testng.TestRunner.privateRun(TestRunner.java:648)
at org.testng.TestRunner.run(TestRunner.java:505)
at org.testng.SuiteRunner.runTest(SuiteRunner.java:455)
at org.testng.SuiteRunner.runSequentially(SuiteRunner.java:450)
at org.testng.SuiteRunner.privateRun(SuiteRunner.java:415)
at org.testng.SuiteRunner.run(SuiteRunner.java:364)
at org.testng.SuiteRunnerWorker.runSuite(SuiteRunnerWorker.java:52)
at org.testng.SuiteRunnerWorker.run(SuiteRunnerWorker.java:84)
at org.testng.TestNG.runSuitesSequentially(TestNG.java:1208)
at org.testng.TestNG.runSuitesLocally(TestNG.java:1137)
at org.testng.TestNG.runSuites(TestNG.java:1049)
at org.testng.TestNG.run(TestNG.java:1017)
at org.apache.maven.surefire.testng.TestNGExecutor.run(TestNGExecutor.java:283)
at org.apache.maven.surefire.testng.TestNGXmlTestSuite.execute(TestNGXmlTestSuite.java:75)
at org.apache.maven.surefire.testng.TestNGProvider.invoke(TestNGProvider.java:120)
at org.apache.maven.surefire.booter.ForkedBooter.invokeProviderInSameClassLoader(ForkedBooter.java:384)
at org.apache.maven.surefire.booter.ForkedBooter.runSuitesInProcess(ForkedBooter.java:345)
at org.apache.maven.surefire.booter.ForkedBooter.execute(ForkedBooter.java:126)
at org.apache.maven.surefire.booter.ForkedBooter.main(ForkedBooter.java:418)
]]>
            </full-stacktrace>
          </exception> <!-- org.openqa.selenium.NoSuchElementException -->
          <reporter-output>
          </reporter-output>
        </test-method> <!-- t02_analyzePublished -->
        <test-method status="PASS" signature="closeDriver()[pri:0, instance:tests.AnalyticsTest@7651218e]" name="closeDriver" is-config="true" duration-ms="632" started-at="2020-01-28T21:05:47Z" finished-at="2020-01-28T21:05:48Z">
          <reporter-output>
          </reporter-output>
        </test-method> <!-- closeDriver -->
      </class> <!-- tests.AnalyticsTest -->
      <class name="tests.CreateProjectTest">
        <test-method status="PASS" signature="setup(org.testng.ITestContext)[pri:0, instance:tests.CreateProjectTest@6d366c9b]" name="setup" is-config="true" duration-ms="5231" started-at="2020-01-28T21:06:20Z" finished-at="2020-01-28T21:06:25Z">
          <params>
            <param index="0">
              <value>
                <![CDATA[org.testng.TestRunner@37e64e37]]>
              </value>
            </param>
          </params>
          <reporter-output>
          </reporter-output>
        </test-method> <!-- setup -->
        <test-method status="PASS" signature="createNewProject()[pri:0, instance:tests.CreateProjectTest@6d366c9b]" name="createNewProject" duration-ms="32178" started-at="2020-01-28T21:06:25Z" finished-at="2020-01-28T21:06:57Z">
          <reporter-output>
          </reporter-output>
        </test-method> <!-- createNewProject -->
        <test-method status="PASS" signature="closeDriver()[pri:0, instance:tests.CreateProjectTest@6d366c9b]" name="closeDriver" is-config="true" duration-ms="650" started-at="2020-01-28T21:06:57Z" finished-at="2020-01-28T21:06:58Z">
          <reporter-output>
          </reporter-output>
        </test-method> <!-- closeDriver -->
      </class> <!-- tests.CreateProjectTest -->
      <class name="tests.UpgradeAccountTest">
        <test-method status="PASS" signature="setup(org.testng.ITestContext)[pri:0, instance:tests.UpgradeAccountTest@545de5a4]" name="setup" is-config="true" duration-ms="5371" started-at="2020-01-28T21:10:49Z" finished-at="2020-01-28T21:10:55Z">
          <params>
            <param index="0">
              <value>
                <![CDATA[org.testng.TestRunner@37e64e37]]>
              </value>
            </param>
          </params>
          <reporter-output>
          </reporter-output>
        </test-method> <!-- setup -->
        <test-method status="PASS" signature="upgradeYourAccount()[pri:0, instance:tests.UpgradeAccountTest@545de5a4]" name="upgradeYourAccount" duration-ms="10403" started-at="2020-01-28T21:10:55Z" finished-at="2020-01-28T21:11:05Z">
          <reporter-output>
          </reporter-output>
        </test-method> <!-- upgradeYourAccount -->
        <test-method status="PASS" signature="closeDriver()[pri:0, instance:tests.UpgradeAccountTest@545de5a4]" name="closeDriver" is-config="true" duration-ms="624" started-at="2020-01-28T21:11:05Z" finished-at="2020-01-28T21:11:06Z">
          <reporter-output>
          </reporter-output>
        </test-method> <!-- closeDriver -->
      </class> <!-- tests.UpgradeAccountTest -->
      <class name="tests.OrganizationTest">
        <test-method status="PASS" signature="setup(org.testng.ITestContext)[pri:0, instance:tests.OrganizationTest@7813cb11]" name="setup" is-config="true" duration-ms="5311" started-at="2020-01-28T21:09:21Z" finished-at="2020-01-28T21:09:27Z">
          <params>
            <param index="0">
              <value>
                <![CDATA[org.testng.TestRunner@37e64e37]]>
              </value>
            </param>
          </params>
          <reporter-output>
          </reporter-output>
        </test-method> <!-- setup -->
        <test-method status="PASS" signature="editOrganization()[pri:0, instance:tests.OrganizationTest@7813cb11]" name="editOrganization" duration-ms="35296" started-at="2020-01-28T21:09:27Z" description="Succeeded edit organization" finished-at="2020-01-28T21:10:02Z">
          <reporter-output>
          </reporter-output>
        </test-method> <!-- editOrganization -->
        <test-method status="PASS" signature="closeDriver()[pri:0, instance:tests.OrganizationTest@7813cb11]" name="closeDriver" is-config="true" duration-ms="615" started-at="2020-01-28T21:10:02Z" finished-at="2020-01-28T21:10:03Z">
          <reporter-output>
          </reporter-output>
        </test-method> <!-- closeDriver -->
      </class> <!-- tests.OrganizationTest -->
      <class name="tests.RegistrationTest">
        <test-method status="PASS" signature="setup(org.testng.ITestContext)[pri:0, instance:tests.RegistrationTest@bcec031]" name="setup" is-config="true" duration-ms="5233" started-at="2020-01-28T21:10:03Z" finished-at="2020-01-28T21:10:08Z">
          <params>
            <param index="0">
              <value>
                <![CDATA[org.testng.TestRunner@37e64e37]]>
              </value>
            </param>
          </params>
          <reporter-output>
          </reporter-output>
        </test-method> <!-- setup -->
        <test-method status="PASS" signature="openLogin()[pri:0, instance:tests.RegistrationTest@bcec031]" name="openLogin" duration-ms="2275" started-at="2020-01-28T21:10:08Z" finished-at="2020-01-28T21:10:10Z">
          <reporter-output>
          </reporter-output>
        </test-method> <!-- openLogin -->
        <test-method status="PASS" signature="closeDriver()[pri:0, instance:tests.RegistrationTest@bcec031]" name="closeDriver" is-config="true" duration-ms="622" started-at="2020-01-28T21:10:10Z" finished-at="2020-01-28T21:10:11Z">
          <reporter-output>
          </reporter-output>
        </test-method> <!-- closeDriver -->
      </class> <!-- tests.RegistrationTest -->
      <class name="tests.DeleteProjectTest">
        <test-method status="PASS" signature="setup(org.testng.ITestContext)[pri:0, instance:tests.DeleteProjectTest@24faea88]" name="setup" is-config="true" duration-ms="5345" started-at="2020-01-28T21:07:40Z" finished-at="2020-01-28T21:07:46Z">
          <params>
            <param index="0">
              <value>
                <![CDATA[org.testng.TestRunner@37e64e37]]>
              </value>
            </param>
          </params>
          <reporter-output>
          </reporter-output>
        </test-method> <!-- setup -->
        <test-method status="PASS" signature="deleteProjectTest()[pri:0, instance:tests.DeleteProjectTest@24faea88]" name="deleteProjectTest" duration-ms="59224" started-at="2020-01-28T21:07:46Z" finished-at="2020-01-28T21:08:45Z">
          <reporter-output>
          </reporter-output>
        </test-method> <!-- deleteProjectTest -->
        <test-method status="PASS" signature="closeDriver()[pri:0, instance:tests.DeleteProjectTest@24faea88]" name="closeDriver" is-config="true" duration-ms="650" started-at="2020-01-28T21:08:45Z" finished-at="2020-01-28T21:08:45Z">
          <reporter-output>
          </reporter-output>
        </test-method> <!-- closeDriver -->
      </class> <!-- tests.DeleteProjectTest -->
      <class name="tests.SearchProjectTest">
        <test-method status="PASS" signature="setup(org.testng.ITestContext)[pri:0, instance:tests.SearchProjectTest@32f0fba8]" name="setup" is-config="true" duration-ms="5670" started-at="2020-01-28T21:10:25Z" finished-at="2020-01-28T21:10:31Z">
          <params>
            <param index="0">
              <value>
                <![CDATA[org.testng.TestRunner@37e64e37]]>
              </value>
            </param>
          </params>
          <reporter-output>
          </reporter-output>
        </test-method> <!-- setup -->
        <test-method status="FAIL" signature="searchProject()[pri:0, instance:tests.SearchProjectTest@32f0fba8]" name="searchProject" duration-ms="17541" started-at="2020-01-28T21:10:31Z" finished-at="2020-01-28T21:10:48Z">
          <exception class="java.lang.AssertionError">
            <message>
              <![CDATA[expected [First (copy)] but found [First]]]>
            </message>
            <full-stacktrace>
              <![CDATA[java.lang.AssertionError: expected [First (copy)] but found [First]
at org.testng.Assert.fail(Assert.java:96)
at org.testng.Assert.failNotEquals(Assert.java:776)
at org.testng.Assert.assertEqualsImpl(Assert.java:137)
at org.testng.Assert.assertEquals(Assert.java:118)
at org.testng.Assert.assertEquals(Assert.java:453)
at org.testng.Assert.assertEquals(Assert.java:463)
at tests.SearchProjectTest.searchProject(SearchProjectTest.java:28)
at sun.reflect.NativeMethodAccessorImpl.invoke0(Native Method)
at sun.reflect.NativeMethodAccessorImpl.invoke(NativeMethodAccessorImpl.java:62)
at sun.reflect.DelegatingMethodAccessorImpl.invoke(DelegatingMethodAccessorImpl.java:43)
at java.lang.reflect.Method.invoke(Method.java:498)
at org.testng.internal.MethodInvocationHelper.invokeMethod(MethodInvocationHelper.java:124)
at org.testng.internal.Invoker.invokeMethod(Invoker.java:583)
at org.testng.internal.Invoker.invokeTestMethod(Invoker.java:719)
at org.testng.internal.Invoker.invokeTestMethods(Invoker.java:989)
at org.testng.internal.TestMethodWorker.invokeTestMethods(TestMethodWorker.java:125)
at org.testng.internal.TestMethodWorker.run(TestMethodWorker.java:109)
at org.testng.TestRunner.privateRun(TestRunner.java:648)
at org.testng.TestRunner.run(TestRunner.java:505)
at org.testng.SuiteRunner.runTest(SuiteRunner.java:455)
at org.testng.SuiteRunner.runSequentially(SuiteRunner.java:450)
at org.testng.SuiteRunner.privateRun(SuiteRunner.java:415)
at org.testng.SuiteRunner.run(SuiteRunner.java:364)
at org.testng.SuiteRunnerWorker.runSuite(SuiteRunnerWorker.java:52)
at org.testng.SuiteRunnerWorker.run(SuiteRunnerWorker.java:84)
at org.testng.TestNG.runSuitesSequentially(TestNG.java:1208)
at org.testng.TestNG.runSuitesLocally(TestNG.java:1137)
at org.testng.TestNG.runSuites(TestNG.java:1049)
at org.testng.TestNG.run(TestNG.java:1017)
at org.apache.maven.surefire.testng.TestNGExecutor.run(TestNGExecutor.java:283)
at org.apache.maven.surefire.testng.TestNGXmlTestSuite.execute(TestNGXmlTestSuite.java:75)
at org.apache.maven.surefire.testng.TestNGProvider.invoke(TestNGProvider.java:120)
at org.apache.maven.surefire.booter.ForkedBooter.invokeProviderInSameClassLoader(ForkedBooter.java:384)
at org.apache.maven.surefire.booter.ForkedBooter.runSuitesInProcess(ForkedBooter.java:345)
at org.apache.maven.surefire.booter.ForkedBooter.execute(ForkedBooter.java:126)
at org.apache.maven.surefire.booter.ForkedBooter.main(ForkedBooter.java:418)
]]>
            </full-stacktrace>
          </exception> <!-- java.lang.AssertionError -->
          <reporter-output>
          </reporter-output>
        </test-method> <!-- searchProject -->
        <test-method status="PASS" signature="closeDriver()[pri:0, instance:tests.SearchProjectTest@32f0fba8]" name="closeDriver" is-config="true" duration-ms="622" started-at="2020-01-28T21:10:49Z" finished-at="2020-01-28T21:10:49Z">
          <reporter-output>
          </reporter-output>
        </test-method> <!-- closeDriver -->
      </class> <!-- tests.SearchProjectTest -->
    </test> <!-- Test -->
  </suite> <!-- Suite -->
</testng-results>
